<?xml version="1.0" encoding="UTF-8"?>
<!-- Generated by org.testng.reporters.JUnitXMLReporter -->
<testsuite hostname="ATLANTISPC-143" ignored="1" name="Test" tests="3" failures="3" timestamp="24 Apr 2019 14:50:04 GMT" time="0.051" errors="0">
  <testcase name="verify12WeeksData" time="0.005" classname="com.healowhub.tcases.BPressureTest">
    <failure type="java.lang.NullPointerException">
      <![CDATA[java.lang.NullPointerException
at com.healowhub.tcases.BPressureTest.verify12WeeksData(BPressureTest.java:40)
... Removed 25 stack frames]]>
    </failure>
  </testcase> <!-- verify12WeeksData -->
  <testcase name="verify1WeekData" time="0.0" classname="com.healowhub.tcases.BPressureTest">
    <failure type="java.lang.NullPointerException">
      <![CDATA[java.lang.NullPointerException
at com.healowhub.tcases.BPressureTest.verify1WeekData(BPressureTest.java:20)
... Removed 25 stack frames]]>
    </failure>
  </testcase> <!-- verify1WeekData -->
  <testcase name="verify4WeeksData" time="0.001" classname="com.healowhub.tcases.BPressureTest">
    <failure type="java.lang.NullPointerException">
      <![CDATA[java.lang.NullPointerException
at com.healowhub.tcases.BPressureTest.verify4WeeksData(BPressureTest.java:30)
... Removed 25 stack frames]]>
    </failure>
  </testcase> <!-- verify4WeeksData -->
  <testcase name="@BeforeSuite start" time="0.0" classname="com.healowhub.base.Base">
    <ignored/>
  </testcase> <!-- @BeforeSuite start -->
</testsuite> <!-- Test -->
