<?xml version="1.0" encoding="UTF-8"?>
<!-- Generated by org.testng.reporters.JUnitXMLReporter -->
<testsuite hostname="ATLANTISPC-143" ignored="11" name="Test" tests="35" failures="0" timestamp="06 Jun 2019 14:40:23 GMT" time="16.071" errors="0">
  <testcase name="hubScreen" time="12.103" classname="com.healowhub.tc.BSugarTest"/>
  <testcase name="oneWeek" time="0.136" classname="com.healowhub.tc.BSugarTest"/>
  <testcase name="twelveWeek" time="0.109" classname="com.healowhub.tc.BSugarTest"/>
  <testcase name="verifyTitle" time="0.036" classname="com.healowhub.tc.BPressureTest"/>
  <testcase name="verify1WeekData" time="0.106" classname="com.healowhub.tc.BPressureTest"/>
  <testcase name="verify4WeeksData" time="0.124" classname="com.healowhub.tc.BPressureTest"/>
  <testcase name="verify12WeeksData" time="0.088" classname="com.healowhub.tc.BPressureTest"/>
  <testcase name="scroll" time="0.013" classname="com.healowhub.tc.ScrollTest"/>
  <testcase name="verifyTitle" time="0.067" classname="com.healowhub.tc.BMITest"/>
  <testcase name="weekOne" time="0.188" classname="com.healowhub.tc.BMITest"/>
  <testcase name="weekFour" time="0.104" classname="com.healowhub.tc.BMITest"/>
  <testcase name="weekTwelve" time="0.096" classname="com.healowhub.tc.BMITest"/>
  <testcase name="verifyTitle" time="0.037" classname="com.healowhub.tc.CaloriesTest"/>
  <testcase name="weekOne" time="0.123" classname="com.healowhub.tc.CaloriesTest"/>
  <testcase name="weekFour" time="0.148" classname="com.healowhub.tc.CaloriesTest"/>
  <testcase name="weekTwelve" time="0.115" classname="com.healowhub.tc.CaloriesTest"/>
  <testcase name="scroll" time="0.023" classname="com.healowhub.tc.Scroll2Test"/>
  <testcase name="verifyTitle" time="0.036" classname="com.healowhub.tc.DistanceTest"/>
  <testcase name="weekOne" time="0.177" classname="com.healowhub.tc.DistanceTest"/>
  <testcase name="weekFour" time="0.113" classname="com.healowhub.tc.DistanceTest"/>
  <testcase name="weekTwelve" time="0.093" classname="com.healowhub.tc.DistanceTest"/>
  <testcase name="verifyTitle" time="0.032" classname="com.healowhub.tc.FloorsTest"/>
  <testcase name="weekOne" time="0.125" classname="com.healowhub.tc.FloorsTest"/>
  <testcase name="weekFour" time="0.108" classname="com.healowhub.tc.FloorsTest"/>
  <testcase name="weekTwelve" time="0.094" classname="com.healowhub.tc.FloorsTest"/>
  <testcase name="scroll" time="0.017" classname="com.healowhub.tc.Scroll3Test"/>
  <testcase name="verifyTitle" time="0.034" classname="com.healowhub.tc.SleepTest"/>
  <testcase name="weekOne" time="0.132" classname="com.healowhub.tc.SleepTest"/>
  <testcase name="weekFour" time="0.111" classname="com.healowhub.tc.SleepTest"/>
  <testcase name="weekTwelve" time="0.095" classname="com.healowhub.tc.SleepTest"/>
  <testcase name="verifyTitle" time="0.03" classname="com.healowhub.tc.StepsTest"/>
  <testcase name="weekOne" time="0.131" classname="com.healowhub.tc.StepsTest"/>
  <testcase name="weekFour" time="0.102" classname="com.healowhub.tc.StepsTest"/>
  <testcase name="weekTwelve" time="0.1" classname="com.healowhub.tc.StepsTest"/>
  <testcase name="scroll" time="0.007" classname="com.healowhub.tc.Scroll4Test"/>
  <testcase name="@BeforeSuite start" time="0.0" classname="com.healowhub.base.Base">
    <ignored/>
  </testcase> <!-- @BeforeSuite start -->
  <testcase name="@BeforeSuite start" time="0.0" classname="com.healowhub.base.Base">
    <ignored/>
  </testcase> <!-- @BeforeSuite start -->
  <testcase name="@BeforeSuite start" time="0.0" classname="com.healowhub.base.Base">
    <ignored/>
  </testcase> <!-- @BeforeSuite start -->
  <testcase name="@BeforeSuite start" time="0.0" classname="com.healowhub.base.Base">
    <ignored/>
  </testcase> <!-- @BeforeSuite start -->
  <testcase name="@BeforeSuite start" time="0.0" classname="com.healowhub.base.Base">
    <ignored/>
  </testcase> <!-- @BeforeSuite start -->
  <testcase name="@BeforeSuite start" time="0.0" classname="com.healowhub.base.Base">
    <ignored/>
  </testcase> <!-- @BeforeSuite start -->
  <testcase name="@BeforeSuite start" time="0.0" classname="com.healowhub.base.Base">
    <ignored/>
  </testcase> <!-- @BeforeSuite start -->
  <testcase name="@BeforeSuite start" time="0.0" classname="com.healowhub.base.Base">
    <ignored/>
  </testcase> <!-- @BeforeSuite start -->
  <testcase name="@BeforeSuite start" time="0.0" classname="com.healowhub.base.Base">
    <ignored/>
  </testcase> <!-- @BeforeSuite start -->
  <testcase name="@BeforeSuite start" time="0.0" classname="com.healowhub.base.Base">
    <ignored/>
  </testcase> <!-- @BeforeSuite start -->
  <testcase name="@BeforeSuite start" time="0.0" classname="com.healowhub.base.Base">
    <ignored/>
  </testcase> <!-- @BeforeSuite start -->
</testsuite> <!-- Test -->
