<?xml version="1.0" encoding="UTF-8"?>
<!-- Generated by org.testng.reporters.JUnitXMLReporter -->
<testsuite hostname="ATLANTISPC-143" ignored="11" name="Test" tests="35" failures="0" timestamp="06 Jun 2019 11:27:37 GMT" time="19.663" errors="0">
  <testcase name="hubScreen" time="16.583" classname="com.healowhub.tc.BSugarTest"/>
  <testcase name="oneWeek" time="0.124" classname="com.healowhub.tc.BSugarTest"/>
  <testcase name="twelveWeek" time="0.158" classname="com.healowhub.tc.BSugarTest"/>
  <testcase name="verifyTitle" time="0.038" classname="com.healowhub.tc.BPressureTest"/>
  <testcase name="verify1WeekData" time="0.156" classname="com.healowhub.tc.BPressureTest"/>
  <testcase name="verify4WeeksData" time="0.108" classname="com.healowhub.tc.BPressureTest"/>
  <testcase name="verify12WeeksData" time="0.108" classname="com.healowhub.tc.BPressureTest"/>
  <testcase name="scroll" time="0.008" classname="com.healowhub.tc.ScrollTest"/>
  <testcase name="verifyTitle" time="0.039" classname="com.healowhub.tc.BMITest"/>
  <testcase name="weekOne" time="0.182" classname="com.healowhub.tc.BMITest"/>
  <testcase name="weekFour" time="0.108" classname="com.healowhub.tc.BMITest"/>
  <testcase name="weekTwelve" time="0.098" classname="com.healowhub.tc.BMITest"/>
  <testcase name="verifyTitle" time="0.034" classname="com.healowhub.tc.CaloriesTest"/>
  <testcase name="weekOne" time="0.123" classname="com.healowhub.tc.CaloriesTest"/>
  <testcase name="weekFour" time="0.096" classname="com.healowhub.tc.CaloriesTest"/>
  <testcase name="weekTwelve" time="0.115" classname="com.healowhub.tc.CaloriesTest"/>
  <testcase name="scroll" time="0.005" classname="com.healowhub.tc.Scroll2Test"/>
  <testcase name="verifyTitle" time="0.035" classname="com.healowhub.tc.DistanceTest"/>
  <testcase name="weekOne" time="0.129" classname="com.healowhub.tc.DistanceTest"/>
  <testcase name="weekFour" time="0.089" classname="com.healowhub.tc.DistanceTest"/>
  <testcase name="weekTwelve" time="0.154" classname="com.healowhub.tc.DistanceTest"/>
  <testcase name="verifyTitle" time="0.047" classname="com.healowhub.tc.FloorsTest"/>
  <testcase name="weekOne" time="0.124" classname="com.healowhub.tc.FloorsTest"/>
  <testcase name="weekFour" time="0.093" classname="com.healowhub.tc.FloorsTest"/>
  <testcase name="weekTwelve" time="0.096" classname="com.healowhub.tc.FloorsTest"/>
  <testcase name="scroll" time="0.005" classname="com.healowhub.tc.Scroll3Test"/>
  <testcase name="verifyTitle" time="0.033" classname="com.healowhub.tc.SleepTest"/>
  <testcase name="weekOne" time="0.157" classname="com.healowhub.tc.SleepTest"/>
  <testcase name="weekFour" time="0.11" classname="com.healowhub.tc.SleepTest"/>
  <testcase name="weekTwelve" time="0.101" classname="com.healowhub.tc.SleepTest"/>
  <testcase name="verifyTitle" time="0.042" classname="com.healowhub.tc.StepsTest"/>
  <testcase name="weekOne" time="0.119" classname="com.healowhub.tc.StepsTest"/>
  <testcase name="weekFour" time="0.106" classname="com.healowhub.tc.StepsTest"/>
  <testcase name="weekTwelve" time="0.094" classname="com.healowhub.tc.StepsTest"/>
  <testcase name="scroll" time="0.006" classname="com.healowhub.tc.Scroll4Test"/>
  <testcase name="@BeforeSuite start" time="0.0" classname="com.healowhub.base.Base">
    <ignored/>
  </testcase> <!-- @BeforeSuite start -->
  <testcase name="@BeforeSuite start" time="0.0" classname="com.healowhub.base.Base">
    <ignored/>
  </testcase> <!-- @BeforeSuite start -->
  <testcase name="@BeforeSuite start" time="0.0" classname="com.healowhub.base.Base">
    <ignored/>
  </testcase> <!-- @BeforeSuite start -->
  <testcase name="@BeforeSuite start" time="0.0" classname="com.healowhub.base.Base">
    <ignored/>
  </testcase> <!-- @BeforeSuite start -->
  <testcase name="@BeforeSuite start" time="0.0" classname="com.healowhub.base.Base">
    <ignored/>
  </testcase> <!-- @BeforeSuite start -->
  <testcase name="@BeforeSuite start" time="0.0" classname="com.healowhub.base.Base">
    <ignored/>
  </testcase> <!-- @BeforeSuite start -->
  <testcase name="@BeforeSuite start" time="0.0" classname="com.healowhub.base.Base">
    <ignored/>
  </testcase> <!-- @BeforeSuite start -->
  <testcase name="@BeforeSuite start" time="0.0" classname="com.healowhub.base.Base">
    <ignored/>
  </testcase> <!-- @BeforeSuite start -->
  <testcase name="@BeforeSuite start" time="0.0" classname="com.healowhub.base.Base">
    <ignored/>
  </testcase> <!-- @BeforeSuite start -->
  <testcase name="@BeforeSuite start" time="0.0" classname="com.healowhub.base.Base">
    <ignored/>
  </testcase> <!-- @BeforeSuite start -->
  <testcase name="@BeforeSuite start" time="0.0" classname="com.healowhub.base.Base">
    <ignored/>
  </testcase> <!-- @BeforeSuite start -->
</testsuite> <!-- Test -->
