<?xml version="1.0" encoding="UTF-8"?>
<!-- Generated by org.testng.reporters.JUnitXMLReporter -->
<testsuite hostname="ATLANTISPC-143" ignored="10" name="Test" tests="34" failures="1" timestamp="03 Jun 2019 13:38:41 GMT" time="23.245" errors="0">
  <testcase name="hubScreen" time="20.199" classname="com.healowhub.tc.BSugarTest"/>
  <testcase name="oneWeek" time="0.152" classname="com.healowhub.tc.BSugarTest"/>
  <testcase name="twelveWeek" time="0.11" classname="com.healowhub.tc.BSugarTest"/>
  <testcase name="verifyTitle" time="0.075" classname="com.healowhub.tc.BPressureTest"/>
  <testcase name="verify1WeekData" time="0.102" classname="com.healowhub.tc.BPressureTest"/>
  <testcase name="verify4WeeksData" time="0.129" classname="com.healowhub.tc.BPressureTest"/>
  <testcase name="verify12WeeksData" time="0.091" classname="com.healowhub.tc.BPressureTest"/>
  <testcase name="scroll" time="0.006" classname="com.healowhub.tc.ScrollTest"/>
  <testcase name="verifyTitle" time="0.083" classname="com.healowhub.tc.BMITest"/>
  <testcase name="weekOne" time="0.168" classname="com.healowhub.tc.BMITest">
    <failure type="java.lang.AssertionError" message="null">
      <![CDATA[java.lang.AssertionError: null
at com.healowhub.tc.BMITest.weekOne(BMITest.java:41)
... Removed 30 stack frames]]>
    </failure>
  </testcase> <!-- weekOne -->
  <testcase name="weekFour" time="0.119" classname="com.healowhub.tc.BMITest"/>
  <testcase name="weekTwelve" time="0.099" classname="com.healowhub.tc.BMITest"/>
  <testcase name="verifyTitle" time="0.038" classname="com.healowhub.tc.CaloriesTest"/>
  <testcase name="weekOne" time="0.127" classname="com.healowhub.tc.CaloriesTest"/>
  <testcase name="weekFour" time="0.118" classname="com.healowhub.tc.CaloriesTest"/>
  <testcase name="weekTwelve" time="0.104" classname="com.healowhub.tc.CaloriesTest"/>
  <testcase name="scroll" time="0.007" classname="com.healowhub.tc.Scroll2Test"/>
  <testcase name="verifyTitle" time="0.042" classname="com.healowhub.tc.DistanceTest"/>
  <testcase name="weekOne" time="0.114" classname="com.healowhub.tc.DistanceTest"/>
  <testcase name="weekFour" time="0.138" classname="com.healowhub.tc.DistanceTest"/>
  <testcase name="weekTwelve" time="0.1" classname="com.healowhub.tc.DistanceTest"/>
  <testcase name="verifyTitle" time="0.035" classname="com.healowhub.tc.FloorsTest"/>
  <testcase name="weekOne" time="0.113" classname="com.healowhub.tc.FloorsTest"/>
  <testcase name="weekFour" time="0.108" classname="com.healowhub.tc.FloorsTest"/>
  <testcase name="weekTwelve" time="0.098" classname="com.healowhub.tc.FloorsTest"/>
  <testcase name="scroll" time="0.005" classname="com.healowhub.tc.Scroll3Test"/>
  <testcase name="verifyTitle" time="0.043" classname="com.healowhub.tc.SleepTest"/>
  <testcase name="weekOne" time="0.119" classname="com.healowhub.tc.SleepTest"/>
  <testcase name="weekFour" time="0.122" classname="com.healowhub.tc.SleepTest"/>
  <testcase name="weekTwelve" time="0.101" classname="com.healowhub.tc.SleepTest"/>
  <testcase name="verifyTitle" time="0.035" classname="com.healowhub.tc.StepsTest"/>
  <testcase name="weekOne" time="0.126" classname="com.healowhub.tc.StepsTest"/>
  <testcase name="weekFour" time="0.093" classname="com.healowhub.tc.StepsTest"/>
  <testcase name="weekTwelve" time="0.094" classname="com.healowhub.tc.StepsTest"/>
  <testcase name="@BeforeSuite start" time="0.0" classname="com.healowhub.base.Base">
    <ignored/>
  </testcase> <!-- @BeforeSuite start -->
  <testcase name="@BeforeSuite start" time="0.0" classname="com.healowhub.base.Base">
    <ignored/>
  </testcase> <!-- @BeforeSuite start -->
  <testcase name="@BeforeSuite start" time="0.0" classname="com.healowhub.base.Base">
    <ignored/>
  </testcase> <!-- @BeforeSuite start -->
  <testcase name="@BeforeSuite start" time="0.0" classname="com.healowhub.base.Base">
    <ignored/>
  </testcase> <!-- @BeforeSuite start -->
  <testcase name="@BeforeSuite start" time="0.0" classname="com.healowhub.base.Base">
    <ignored/>
  </testcase> <!-- @BeforeSuite start -->
  <testcase name="@BeforeSuite start" time="0.0" classname="com.healowhub.base.Base">
    <ignored/>
  </testcase> <!-- @BeforeSuite start -->
  <testcase name="@BeforeSuite start" time="0.0" classname="com.healowhub.base.Base">
    <ignored/>
  </testcase> <!-- @BeforeSuite start -->
  <testcase name="@BeforeSuite start" time="0.0" classname="com.healowhub.base.Base">
    <ignored/>
  </testcase> <!-- @BeforeSuite start -->
  <testcase name="@BeforeSuite start" time="0.0" classname="com.healowhub.base.Base">
    <ignored/>
  </testcase> <!-- @BeforeSuite start -->
  <testcase name="@BeforeSuite start" time="0.0" classname="com.healowhub.base.Base">
    <ignored/>
  </testcase> <!-- @BeforeSuite start -->
</testsuite> <!-- Test -->
