<?xml version="1.0" encoding="UTF-8"?>
<!-- Generated by org.testng.reporters.JUnitXMLReporter -->
<testsuite hostname="ATLANTISPC-143" ignored="7" name="Test(failed)" tests="2" failures="2" timestamp="24 Apr 2019 14:40:57 GMT" time="31.456" errors="0">
  <testcase name="weekOneSummary" time="0.009" classname="com.healowhub.tcases.BSugarTest">
    <failure type="java.lang.NullPointerException">
      <![CDATA[java.lang.NullPointerException
at com.healowhub.tcases.BSugarTest.weekOneSummary(BSugarTest.java:96)
... Removed 25 stack frames]]>
    </failure>
  </testcase> <!-- weekOneSummary -->
  <testcase name="weekOneLogs" time="0.004" classname="com.healowhub.tcases.BSugarTest">
    <failure type="java.lang.NullPointerException">
      <![CDATA[java.lang.NullPointerException
at com.healowhub.tcases.BSugarTest.weekOneLogs(BSugarTest.java:110)
... Removed 25 stack frames]]>
    </failure>
  </testcase> <!-- weekOneLogs -->
  <testcase name="verify1WeekData" time="0.0" classname="com.healowhub.tcases.BSugarTest">
    <ignored/>
  </testcase> <!-- verify1WeekData -->
  <testcase name="verify12WeeksData" time="0.0" classname="com.healowhub.tcases.BSugarTest">
    <ignored/>
  </testcase> <!-- verify12WeeksData -->
  <testcase name="goBack" time="0.0" classname="com.healowhub.tcases.BSugarTest">
    <ignored/>
  </testcase> <!-- goBack -->
  <testcase name="weekOne" time="0.0" classname="com.healowhub.tcases.BSugarTest">
    <ignored/>
  </testcase> <!-- weekOne -->
  <testcase name="hubScreen" time="0.0" classname="com.healowhub.tcases.BSugarTest">
    <ignored/>
  </testcase> <!-- hubScreen -->
  <testcase name="verify4WeeksData" time="0.0" classname="com.healowhub.tcases.BSugarTest">
    <ignored/>
  </testcase> <!-- verify4WeeksData -->
  <testcase name="bloodSugarDetailed" time="0.0" classname="com.healowhub.tcases.BSugarTest">
    <ignored/>
  </testcase> <!-- bloodSugarDetailed -->
</testsuite> <!-- Test(failed) -->
