<?xml version="1.0" encoding="UTF-8"?>
<!-- Generated by org.testng.reporters.JUnitXMLReporter -->
<testsuite hostname="ATLANTISPC-143" ignored="10" name="Test(failed)" tests="4" failures="0" timestamp="28 May 2019 08:46:58 GMT" time="17.99" errors="0">
  <testcase name="hubScreen" time="17.608" classname="com.healowhub.tc.BSugarTest"/>
  <testcase name="oneWeek" time="0.184" classname="com.healowhub.tc.BSugarTest"/>
  <testcase name="twelveWeek" time="0.107" classname="com.healowhub.tc.BSugarTest"/>
  <testcase name="verifyTitle" time="0.065" classname="com.healowhub.tc.BPressureTest"/>
  <testcase name="@BeforeSuite start" time="0.0" classname="com.healowhub.base.Base">
    <ignored/>
  </testcase> <!-- @BeforeSuite start -->
  <testcase name="@BeforeSuite start" time="0.0" classname="com.healowhub.base.Base">
    <ignored/>
  </testcase> <!-- @BeforeSuite start -->
  <testcase name="@BeforeSuite start" time="0.0" classname="com.healowhub.base.Base">
    <ignored/>
  </testcase> <!-- @BeforeSuite start -->
  <testcase name="@BeforeSuite start" time="0.0" classname="com.healowhub.base.Base">
    <ignored/>
  </testcase> <!-- @BeforeSuite start -->
  <testcase name="@BeforeSuite start" time="0.0" classname="com.healowhub.base.Base">
    <ignored/>
  </testcase> <!-- @BeforeSuite start -->
  <testcase name="@BeforeSuite start" time="0.0" classname="com.healowhub.base.Base">
    <ignored/>
  </testcase> <!-- @BeforeSuite start -->
  <testcase name="@BeforeSuite start" time="0.0" classname="com.healowhub.base.Base">
    <ignored/>
  </testcase> <!-- @BeforeSuite start -->
  <testcase name="@BeforeSuite start" time="0.0" classname="com.healowhub.base.Base">
    <ignored/>
  </testcase> <!-- @BeforeSuite start -->
  <testcase name="@BeforeSuite start" time="0.0" classname="com.healowhub.base.Base">
    <ignored/>
  </testcase> <!-- @BeforeSuite start -->
  <testcase name="@BeforeSuite start" time="0.0" classname="com.healowhub.base.Base">
    <ignored/>
  </testcase> <!-- @BeforeSuite start -->
</testsuite> <!-- Test(failed) -->
