<?xml version="1.0" encoding="UTF-8"?>
<testng-results skipped="0" failed="0" ignored="11" total="46" passed="35">
  <reporter-output>
  </reporter-output>
  <suite name="Suite" duration-ms="19663" started-at="2019-06-06T11:27:18Z" finished-at="2019-06-06T11:27:37Z">
    <groups>
    </groups>
    <test name="Test" duration-ms="19663" started-at="2019-06-06T11:27:18Z" finished-at="2019-06-06T11:27:37Z">
      <class name="com.healowhub.tc.BPressureTest">
        <test-method status="PASS" signature="verifyTitle()[pri:5, instance:com.healowhub.tc.BPressureTest@20ce78ec]" name="verifyTitle" duration-ms="38" started-at="2019-06-06T11:27:35Z" finished-at="2019-06-06T11:27:35Z">
          <reporter-output>
          </reporter-output>
        </test-method> <!-- verifyTitle -->
        <test-method status="PASS" signature="verify1WeekData()[pri:6, instance:com.healowhub.tc.BPressureTest@20ce78ec]" name="verify1WeekData" duration-ms="156" started-at="2019-06-06T11:27:35Z" finished-at="2019-06-06T11:27:35Z">
          <reporter-output>
          </reporter-output>
        </test-method> <!-- verify1WeekData -->
        <test-method status="PASS" signature="verify4WeeksData()[pri:7, instance:com.healowhub.tc.BPressureTest@20ce78ec]" name="verify4WeeksData" duration-ms="108" started-at="2019-06-06T11:27:35Z" finished-at="2019-06-06T11:27:35Z">
          <reporter-output>
          </reporter-output>
        </test-method> <!-- verify4WeeksData -->
        <test-method status="PASS" signature="verify12WeeksData()[pri:8, instance:com.healowhub.tc.BPressureTest@20ce78ec]" name="verify12WeeksData" duration-ms="108" started-at="2019-06-06T11:27:35Z" finished-at="2019-06-06T11:27:35Z">
          <reporter-output>
          </reporter-output>
        </test-method> <!-- verify12WeeksData -->
      </class> <!-- com.healowhub.tc.BPressureTest -->
      <class name="com.healowhub.tc.Scroll4Test">
        <test-method status="PASS" signature="scroll()[pri:36, instance:com.healowhub.tc.Scroll4Test@1ab3a8c8]" name="scroll" duration-ms="6" started-at="2019-06-06T11:27:37Z" finished-at="2019-06-06T11:27:37Z">
          <reporter-output>
          </reporter-output>
        </test-method> <!-- scroll -->
      </class> <!-- com.healowhub.tc.Scroll4Test -->
      <class name="com.healowhub.tc.BMITest">
        <test-method status="PASS" signature="verifyTitle()[pri:10, instance:com.healowhub.tc.BMITest@56620197]" name="verifyTitle" duration-ms="39" started-at="2019-06-06T11:27:35Z" finished-at="2019-06-06T11:27:35Z">
          <reporter-output>
          </reporter-output>
        </test-method> <!-- verifyTitle -->
        <test-method status="PASS" signature="weekOne()[pri:11, instance:com.healowhub.tc.BMITest@56620197]" name="weekOne" duration-ms="182" started-at="2019-06-06T11:27:35Z" finished-at="2019-06-06T11:27:35Z">
          <reporter-output>
          </reporter-output>
        </test-method> <!-- weekOne -->
        <test-method status="PASS" signature="weekFour()[pri:12, instance:com.healowhub.tc.BMITest@56620197]" name="weekFour" duration-ms="108" started-at="2019-06-06T11:27:35Z" finished-at="2019-06-06T11:27:35Z">
          <reporter-output>
          </reporter-output>
        </test-method> <!-- weekFour -->
        <test-method status="PASS" signature="weekTwelve()[pri:13, instance:com.healowhub.tc.BMITest@56620197]" name="weekTwelve" duration-ms="98" started-at="2019-06-06T11:27:35Z" finished-at="2019-06-06T11:27:35Z">
          <reporter-output>
          </reporter-output>
        </test-method> <!-- weekTwelve -->
      </class> <!-- com.healowhub.tc.BMITest -->
      <class name="com.healowhub.tc.SleepTest">
        <test-method status="PASS" signature="verifyTitle()[pri:28, instance:com.healowhub.tc.SleepTest@1afd44cb]" name="verifyTitle" duration-ms="33" started-at="2019-06-06T11:27:37Z" finished-at="2019-06-06T11:27:37Z">
          <reporter-output>
          </reporter-output>
        </test-method> <!-- verifyTitle -->
        <test-method status="PASS" signature="weekOne()[pri:29, instance:com.healowhub.tc.SleepTest@1afd44cb]" name="weekOne" duration-ms="157" started-at="2019-06-06T11:27:37Z" finished-at="2019-06-06T11:27:37Z">
          <reporter-output>
          </reporter-output>
        </test-method> <!-- weekOne -->
        <test-method status="PASS" signature="weekFour()[pri:30, instance:com.healowhub.tc.SleepTest@1afd44cb]" name="weekFour" duration-ms="110" started-at="2019-06-06T11:27:37Z" finished-at="2019-06-06T11:27:37Z">
          <reporter-output>
          </reporter-output>
        </test-method> <!-- weekFour -->
        <test-method status="PASS" signature="weekTwelve()[pri:31, instance:com.healowhub.tc.SleepTest@1afd44cb]" name="weekTwelve" duration-ms="101" started-at="2019-06-06T11:27:37Z" finished-at="2019-06-06T11:27:37Z">
          <reporter-output>
          </reporter-output>
        </test-method> <!-- weekTwelve -->
      </class> <!-- com.healowhub.tc.SleepTest -->
      <class name="com.healowhub.tc.DistanceTest">
        <test-method status="PASS" signature="verifyTitle()[pri:19, instance:com.healowhub.tc.DistanceTest@5f058f00]" name="verifyTitle" duration-ms="35" started-at="2019-06-06T11:27:36Z" finished-at="2019-06-06T11:27:36Z">
          <reporter-output>
          </reporter-output>
        </test-method> <!-- verifyTitle -->
        <test-method status="PASS" signature="weekOne()[pri:20, instance:com.healowhub.tc.DistanceTest@5f058f00]" name="weekOne" duration-ms="129" started-at="2019-06-06T11:27:36Z" finished-at="2019-06-06T11:27:36Z">
          <reporter-output>
          </reporter-output>
        </test-method> <!-- weekOne -->
        <test-method status="PASS" signature="weekFour()[pri:21, instance:com.healowhub.tc.DistanceTest@5f058f00]" name="weekFour" duration-ms="89" started-at="2019-06-06T11:27:36Z" finished-at="2019-06-06T11:27:36Z">
          <reporter-output>
          </reporter-output>
        </test-method> <!-- weekFour -->
        <test-method status="PASS" signature="weekTwelve()[pri:22, instance:com.healowhub.tc.DistanceTest@5f058f00]" name="weekTwelve" duration-ms="154" started-at="2019-06-06T11:27:36Z" finished-at="2019-06-06T11:27:36Z">
          <reporter-output>
          </reporter-output>
        </test-method> <!-- weekTwelve -->
      </class> <!-- com.healowhub.tc.DistanceTest -->
      <class name="com.healowhub.tc.Scroll2Test">
        <test-method status="PASS" signature="scroll()[pri:18, instance:com.healowhub.tc.Scroll2Test@55b7a4e0]" name="scroll" duration-ms="5" started-at="2019-06-06T11:27:36Z" finished-at="2019-06-06T11:27:36Z">
          <reporter-output>
          </reporter-output>
        </test-method> <!-- scroll -->
      </class> <!-- com.healowhub.tc.Scroll2Test -->
      <class name="com.healowhub.tc.Scroll3Test">
        <test-method status="PASS" signature="scroll()[pri:27, instance:com.healowhub.tc.Scroll3Test@72057ecf]" name="scroll" duration-ms="5" started-at="2019-06-06T11:27:37Z" finished-at="2019-06-06T11:27:37Z">
          <reporter-output>
          </reporter-output>
        </test-method> <!-- scroll -->
      </class> <!-- com.healowhub.tc.Scroll3Test -->
      <class name="com.healowhub.tc.CaloriesTest">
        <test-method status="PASS" signature="verifyTitle()[pri:14, instance:com.healowhub.tc.CaloriesTest@6eda5c9]" name="verifyTitle" duration-ms="34" started-at="2019-06-06T11:27:35Z" finished-at="2019-06-06T11:27:35Z">
          <reporter-output>
          </reporter-output>
        </test-method> <!-- verifyTitle -->
        <test-method status="PASS" signature="weekOne()[pri:15, instance:com.healowhub.tc.CaloriesTest@6eda5c9]" name="weekOne" duration-ms="123" started-at="2019-06-06T11:27:35Z" finished-at="2019-06-06T11:27:36Z">
          <reporter-output>
          </reporter-output>
        </test-method> <!-- weekOne -->
        <test-method status="PASS" signature="weekFour()[pri:16, instance:com.healowhub.tc.CaloriesTest@6eda5c9]" name="weekFour" duration-ms="96" started-at="2019-06-06T11:27:36Z" finished-at="2019-06-06T11:27:36Z">
          <reporter-output>
          </reporter-output>
        </test-method> <!-- weekFour -->
        <test-method status="PASS" signature="weekTwelve()[pri:17, instance:com.healowhub.tc.CaloriesTest@6eda5c9]" name="weekTwelve" duration-ms="115" started-at="2019-06-06T11:27:36Z" finished-at="2019-06-06T11:27:36Z">
          <reporter-output>
          </reporter-output>
        </test-method> <!-- weekTwelve -->
      </class> <!-- com.healowhub.tc.CaloriesTest -->
      <class name="com.healowhub.tc.FloorsTest">
        <test-method status="PASS" signature="verifyTitle()[pri:23, instance:com.healowhub.tc.FloorsTest@192d43ce]" name="verifyTitle" duration-ms="47" started-at="2019-06-06T11:27:36Z" finished-at="2019-06-06T11:27:36Z">
          <reporter-output>
          </reporter-output>
        </test-method> <!-- verifyTitle -->
        <test-method status="PASS" signature="weekOne()[pri:24, instance:com.healowhub.tc.FloorsTest@192d43ce]" name="weekOne" duration-ms="124" started-at="2019-06-06T11:27:36Z" finished-at="2019-06-06T11:27:36Z">
          <reporter-output>
          </reporter-output>
        </test-method> <!-- weekOne -->
        <test-method status="PASS" signature="weekFour()[pri:25, instance:com.healowhub.tc.FloorsTest@192d43ce]" name="weekFour" duration-ms="93" started-at="2019-06-06T11:27:36Z" finished-at="2019-06-06T11:27:36Z">
          <reporter-output>
          </reporter-output>
        </test-method> <!-- weekFour -->
        <test-method status="PASS" signature="weekTwelve()[pri:26, instance:com.healowhub.tc.FloorsTest@192d43ce]" name="weekTwelve" duration-ms="96" started-at="2019-06-06T11:27:36Z" finished-at="2019-06-06T11:27:37Z">
          <reporter-output>
          </reporter-output>
        </test-method> <!-- weekTwelve -->
      </class> <!-- com.healowhub.tc.FloorsTest -->
      <class name="com.healowhub.tc.StepsTest">
        <test-method status="PASS" signature="verifyTitle()[pri:32, instance:com.healowhub.tc.StepsTest@6973b51b]" name="verifyTitle" duration-ms="42" started-at="2019-06-06T11:27:37Z" finished-at="2019-06-06T11:27:37Z">
          <reporter-output>
          </reporter-output>
        </test-method> <!-- verifyTitle -->
        <test-method status="PASS" signature="weekOne()[pri:33, instance:com.healowhub.tc.StepsTest@6973b51b]" name="weekOne" duration-ms="119" started-at="2019-06-06T11:27:37Z" finished-at="2019-06-06T11:27:37Z">
          <reporter-output>
          </reporter-output>
        </test-method> <!-- weekOne -->
        <test-method status="PASS" signature="weekFour()[pri:34, instance:com.healowhub.tc.StepsTest@6973b51b]" name="weekFour" duration-ms="106" started-at="2019-06-06T11:27:37Z" finished-at="2019-06-06T11:27:37Z">
          <reporter-output>
          </reporter-output>
        </test-method> <!-- weekFour -->
        <test-method status="PASS" signature="weekTwelve()[pri:35, instance:com.healowhub.tc.StepsTest@6973b51b]" name="weekTwelve" duration-ms="94" started-at="2019-06-06T11:27:37Z" finished-at="2019-06-06T11:27:37Z">
          <reporter-output>
          </reporter-output>
        </test-method> <!-- weekTwelve -->
      </class> <!-- com.healowhub.tc.StepsTest -->
      <class name="com.healowhub.tc.ScrollTest">
        <test-method status="PASS" signature="scroll()[pri:9, instance:com.healowhub.tc.ScrollTest@393671df]" name="scroll" duration-ms="8" started-at="2019-06-06T11:27:35Z" finished-at="2019-06-06T11:27:35Z">
          <reporter-output>
          </reporter-output>
        </test-method> <!-- scroll -->
      </class> <!-- com.healowhub.tc.ScrollTest -->
      <class name="com.healowhub.tc.BSugarTest">
        <test-method status="PASS" signature="start()[pri:0, instance:com.healowhub.tc.BSugarTest@7714e963]" name="start" is-config="true" duration-ms="32264" started-at="2019-06-06T11:26:45Z" finished-at="2019-06-06T11:27:18Z">
          <reporter-output>
          </reporter-output>
        </test-method> <!-- start -->
        <test-method status="PASS" signature="hubScreen()[pri:1, instance:com.healowhub.tc.BSugarTest@7714e963]" name="hubScreen" duration-ms="16583" started-at="2019-06-06T11:27:18Z" finished-at="2019-06-06T11:27:34Z">
          <reporter-output>
          </reporter-output>
        </test-method> <!-- hubScreen -->
        <test-method status="PASS" signature="oneWeek()[pri:2, instance:com.healowhub.tc.BSugarTest@7714e963]" name="oneWeek" duration-ms="124" started-at="2019-06-06T11:27:34Z" finished-at="2019-06-06T11:27:34Z">
          <reporter-output>
          </reporter-output>
        </test-method> <!-- oneWeek -->
        <test-method status="PASS" signature="twelveWeek()[pri:3, instance:com.healowhub.tc.BSugarTest@7714e963]" name="twelveWeek" duration-ms="158" started-at="2019-06-06T11:27:34Z" finished-at="2019-06-06T11:27:35Z">
          <reporter-output>
          </reporter-output>
        </test-method> <!-- twelveWeek -->
      </class> <!-- com.healowhub.tc.BSugarTest -->
    </test> <!-- Test -->
  </suite> <!-- Suite -->
</testng-results>
